<?xml version="1.0" encoding="UTF-8"?>
<!-- Generated by org.testng.reporters.JUnitReportReporter -->
<testsuite hostname="LIN33000931" failures="0" tests="1" name="practice.Extentreport" time="32.467" errors="0" timestamp="2022-11-18T18:32:59 IST" skipped="0">
  <testcase classname="practice.Extentreport" name="test" time="32.467"/>
  <system-out/>
</testsuite> <!-- practice.Extentreport -->
