<?xml version="1.0" encoding="UTF-8"?>
<!-- Generated by org.testng.reporters.JUnitReportReporter -->
<testsuite hostname="LIN33000931" failures="0" tests="4" name="flipkart_Teststeps.Homepage_Test" time="169.974" errors="0" timestamp="2022-11-21T16:55:28 IST" skipped="0">
  <testcase classname="flipkart_Teststeps.Homepage_Test" name="verifyVisibleTXT" time="43.094"/>
  <system-out>
    <![CDATA[<br><img src='C:\Users\SSIDRAIK\eclipse-workspace\Flipkart_DemoTesting//screenshots//1669029796594.png'/><br>]]>
  </system-out>
  <testcase classname="flipkart_Teststeps.Homepage_Test" name="verifypageTitle" time="36.108"/>
  <system-out>
    <![CDATA[<br><img src='C:\Users\SSIDRAIK\eclipse-workspace\Flipkart_DemoTesting//screenshots//1669029835666.png'/><br>]]>
  </system-out>
  <testcase classname="flipkart_Teststeps.Homepage_Test" name="verifysearch" time="46.352"/>
  <system-out>
    <![CDATA[<br><img src='C:\Users\SSIDRAIK\eclipse-workspace\Flipkart_DemoTesting//screenshots//1669029923242.png'/><br>]]>
  </system-out>
  <testcase classname="flipkart_Teststeps.Homepage_Test" name="verifyphone" time="44.420"/>
  <system-out>
    <![CDATA[<br><img src='C:\Users\SSIDRAIK\eclipse-workspace\Flipkart_DemoTesting//screenshots//1669029880031.png'/><br>]]>
  </system-out>
</testsuite> <!-- flipkart_Teststeps.Homepage_Test -->
