<?xml version="1.0" encoding="UTF-8"?>
<!-- Generated by org.testng.reporters.JUnitReportReporter -->
<testsuite hostname="LIN33000931" failures="0" tests="1" name="flipkart_Teststeps.TopOfferspage_test" time="33.652" errors="0" timestamp="2022-11-17T18:12:15 IST" skipped="0">
  <testcase classname="flipkart_Teststeps.TopOfferspage_test" name="VerifyElectronisTab" time="33.652"/>
  <system-out>
    <![CDATA[<br><img src='C:\Users\SSIDRAIK\eclipse-workspace\appium_project1\screenshots\.png'/><br>]]>
  </system-out>
</testsuite> <!-- flipkart_Teststeps.TopOfferspage_test -->
