<?xml version="1.0" encoding="UTF-8"?>
<!-- Generated by org.testng.reporters.JUnitReportReporter -->
<testsuite hostname="LIN33000931" failures="0" tests="1" name="flipkart_Teststeps.Loginpage_Test" time="30.504" errors="0" timestamp="2022-11-18T10:38:57 IST" skipped="0">
  <testcase classname="flipkart_Teststeps.Loginpage_Test" name="Test1" time="30.504"/>
  <system-out>
    <![CDATA[<br><img src='C:\Users\SSIDRAIK\eclipse-workspace\appium_project1\screenshots\.png'/><br>]]>
  </system-out>
</testsuite> <!-- flipkart_Teststeps.Loginpage_Test -->
