<?xml version="1.0" encoding="UTF-8"?>
<!-- Generated by org.testng.reporters.JUnitReportReporter -->
<testsuite hostname="LIN33000931" failures="0" tests="2" name="flipkart_Teststeps.Login_Test" time="72.966" errors="0" timestamp="2022-11-21T16:55:28 IST" skipped="0">
  <testcase classname="flipkart_Teststeps.Login_Test" name="veryficationLoginpage" time="34.264"/>
  <system-out>
    <![CDATA[<br><img src='C:\Users\SSIDRAIK\eclipse-workspace\Flipkart_DemoTesting//screenshots//1669029716376.png'/><br>]]>
  </system-out>
  <testcase classname="flipkart_Teststeps.Login_Test" name="veryficationLoginpagewithvalid" time="38.702"/>
  <system-out>
    <![CDATA[<br><img src='C:\Users\SSIDRAIK\eclipse-workspace\Flipkart_DemoTesting//screenshots//1669029750979.png'/><br>]]>
  </system-out>
</testsuite> <!-- flipkart_Teststeps.Login_Test -->
